<?xml version="1.0" encoding="UTF-8"?>
<testng-results skipped="0" failed="0" ignored="0" total="5" passed="5">
  <reporter-output>
  </reporter-output>
  <suite name="Suite" duration-ms="255398" started-at="2020-06-11T12:51:27 IST" finished-at="2020-06-11T12:55:43 IST">
    <groups>
    </groups>
    <test name="Login" duration-ms="39230" started-at="2020-06-11T12:51:27 IST" finished-at="2020-06-11T12:52:06 IST">
      <class name="futuready.friends.LoginPageTest">
        <test-method status="PASS" signature="initialize()[pri:0, instance:futuready.friends.LoginPageTest@61ca2dfa]" name="initialize" is-config="true" duration-ms="18351" started-at="2020-06-11T12:51:27 IST" finished-at="2020-06-11T12:51:46 IST">
          <reporter-output>
          </reporter-output>
        </test-method> <!-- initialize -->
        <test-method status="PASS" signature="basePageNavigation(java.lang.String, java.lang.String)[pri:0, instance:futuready.friends.LoginPageTest@61ca2dfa]" name="basePageNavigation" duration-ms="18150" started-at="2020-06-11T12:51:46 IST" data-provider="getData" finished-at="2020-06-11T12:52:04 IST">
          <params>
            <param index="0">
              <value>
                <![CDATA[demouser]]>
              </value>
            </param>
            <param index="1">
              <value>
                <![CDATA[demoUser1]]>
              </value>
            </param>
          </params>
          <reporter-output>
          </reporter-output>
        </test-method> <!-- basePageNavigation -->
        <test-method status="PASS" signature="teardown()[pri:0, instance:futuready.friends.LoginPageTest@61ca2dfa]" name="teardown" is-config="true" duration-ms="2232" started-at="2020-06-11T12:52:04 IST" finished-at="2020-06-11T12:52:06 IST">
          <reporter-output>
          </reporter-output>
        </test-method> <!-- teardown -->
      </class> <!-- futuready.friends.LoginPageTest -->
    </test> <!-- Login -->
    <test name="HealthInsurance" duration-ms="62313" started-at="2020-06-11T12:52:09 IST" finished-at="2020-06-11T12:53:11 IST">
      <class name="futuready.friends.HealthInsuranceTest">
        <test-method status="PASS" signature="initialize()[pri:0, instance:futuready.friends.HealthInsuranceTest@7f416310]" name="initialize" is-config="true" duration-ms="14715" started-at="2020-06-11T12:52:09 IST" finished-at="2020-06-11T12:52:24 IST">
          <reporter-output>
          </reporter-output>
        </test-method> <!-- initialize -->
        <test-method status="PASS" signature="createHealthInsurance(java.lang.String, java.lang.String)[pri:0, instance:futuready.friends.HealthInsuranceTest@7f416310]" name="createHealthInsurance" duration-ms="47029" started-at="2020-06-11T12:52:24 IST" data-provider="getData" finished-at="2020-06-11T12:53:11 IST">
          <params>
            <param index="0">
              <value>
                <![CDATA[demouser]]>
              </value>
            </param>
            <param index="1">
              <value>
                <![CDATA[demoUser1]]>
              </value>
            </param>
          </params>
          <reporter-output>
          </reporter-output>
        </test-method> <!-- createHealthInsurance -->
        <test-method status="PASS" signature="teardown()[pri:0, instance:futuready.friends.HealthInsuranceTest@7f416310]" name="teardown" is-config="true" duration-ms="565" started-at="2020-06-11T12:53:11 IST" finished-at="2020-06-11T12:53:11 IST">
          <reporter-output>
          </reporter-output>
        </test-method> <!-- teardown -->
      </class> <!-- futuready.friends.HealthInsuranceTest -->
    </test> <!-- HealthInsurance -->
    <test name="MotorInsurance" duration-ms="65135" started-at="2020-06-11T12:53:11 IST" finished-at="2020-06-11T12:54:16 IST">
      <class name="futuready.friends.MotorInsuranceTest">
        <test-method status="PASS" signature="initialize()[pri:0, instance:futuready.friends.MotorInsuranceTest@3439f68d]" name="initialize" is-config="true" duration-ms="21484" started-at="2020-06-11T12:53:11 IST" finished-at="2020-06-11T12:53:33 IST">
          <reporter-output>
          </reporter-output>
        </test-method> <!-- initialize -->
        <test-method status="PASS" signature="createMotorInsurance(java.lang.String, java.lang.String)[pri:0, instance:futuready.friends.MotorInsuranceTest@3439f68d]" name="createMotorInsurance" duration-ms="38676" started-at="2020-06-11T12:53:33 IST" data-provider="getData" finished-at="2020-06-11T12:54:11 IST">
          <params>
            <param index="0">
              <value>
                <![CDATA[demouser]]>
              </value>
            </param>
            <param index="1">
              <value>
                <![CDATA[demoUser1]]>
              </value>
            </param>
          </params>
          <reporter-output>
          </reporter-output>
        </test-method> <!-- createMotorInsurance -->
        <test-method status="PASS" signature="teardown()[pri:0, instance:futuready.friends.MotorInsuranceTest@3439f68d]" name="teardown" is-config="true" duration-ms="4972" started-at="2020-06-11T12:54:11 IST" finished-at="2020-06-11T12:54:16 IST">
          <reporter-output>
          </reporter-output>
        </test-method> <!-- teardown -->
      </class> <!-- futuready.friends.MotorInsuranceTest -->
    </test> <!-- MotorInsurance -->
    <test name="LifeInsurance" duration-ms="40753" started-at="2020-06-11T12:54:17 IST" finished-at="2020-06-11T12:54:57 IST">
      <class name="futuready.friends.LifeInsuranceTest">
        <test-method status="PASS" signature="initialize()[pri:0, instance:futuready.friends.LifeInsuranceTest@2bea5ab4]" name="initialize" is-config="true" duration-ms="7405" started-at="2020-06-11T12:54:17 IST" finished-at="2020-06-11T12:54:24 IST">
          <reporter-output>
          </reporter-output>
        </test-method> <!-- initialize -->
        <test-method status="PASS" signature="createLifeInsurance(java.lang.String, java.lang.String)[pri:0, instance:futuready.friends.LifeInsuranceTest@2bea5ab4]" name="createLifeInsurance" duration-ms="32914" started-at="2020-06-11T12:54:24 IST" data-provider="getData" finished-at="2020-06-11T12:54:57 IST">
          <params>
            <param index="0">
              <value>
                <![CDATA[demouser]]>
              </value>
            </param>
            <param index="1">
              <value>
                <![CDATA[demoUser1]]>
              </value>
            </param>
          </params>
          <reporter-output>
          </reporter-output>
        </test-method> <!-- createLifeInsurance -->
        <test-method status="PASS" signature="teardown()[pri:0, instance:futuready.friends.LifeInsuranceTest@2bea5ab4]" name="teardown" is-config="true" duration-ms="432" started-at="2020-06-11T12:54:57 IST" finished-at="2020-06-11T12:54:57 IST">
          <reporter-output>
          </reporter-output>
        </test-method> <!-- teardown -->
      </class> <!-- futuready.friends.LifeInsuranceTest -->
    </test> <!-- LifeInsurance -->
    <test name="PAInsurance" duration-ms="45239" started-at="2020-06-11T12:54:57 IST" finished-at="2020-06-11T12:55:43 IST">
      <class name="futuready.friends.PAInsuranceTest">
        <test-method status="PASS" signature="initialize()[pri:0, instance:futuready.friends.PAInsuranceTest@58a90037]" name="initialize" is-config="true" duration-ms="9446" started-at="2020-06-11T12:54:57 IST" finished-at="2020-06-11T12:55:07 IST">
          <reporter-output>
          </reporter-output>
        </test-method> <!-- initialize -->
        <test-method status="PASS" signature="createPAInsurance(java.lang.String, java.lang.String)[pri:0, instance:futuready.friends.PAInsuranceTest@58a90037]" name="createPAInsurance" duration-ms="32392" started-at="2020-06-11T12:55:07 IST" data-provider="getData" finished-at="2020-06-11T12:55:39 IST">
          <params>
            <param index="0">
              <value>
                <![CDATA[demouser]]>
              </value>
            </param>
            <param index="1">
              <value>
                <![CDATA[demoUser1]]>
              </value>
            </param>
          </params>
          <reporter-output>
          </reporter-output>
        </test-method> <!-- createPAInsurance -->
        <test-method status="PASS" signature="teardown()[pri:0, instance:futuready.friends.PAInsuranceTest@58a90037]" name="teardown" is-config="true" duration-ms="3399" started-at="2020-06-11T12:55:39 IST" finished-at="2020-06-11T12:55:43 IST">
          <reporter-output>
          </reporter-output>
        </test-method> <!-- teardown -->
      </class> <!-- futuready.friends.PAInsuranceTest -->
    </test> <!-- PAInsurance -->
  </suite> <!-- Suite -->
</testng-results>
