<?xml version="1.0" encoding="UTF-8"?>
<testng-results skipped="0" failed="0" ignored="0" total="1" passed="1">
  <reporter-output>
  </reporter-output>
  <suite name="Suite" duration-ms="49" started-at="2020-06-01T03:22:49 IST" finished-at="2020-06-01T03:22:49 IST">
    <groups>
    </groups>
    <test name="Test" duration-ms="49" started-at="2020-06-01T03:22:49 IST" finished-at="2020-06-01T03:22:49 IST">
      <class name="futuready.friends.maventest">
        <test-method status="PASS" signature="browsertest()[pri:0, instance:futuready.friends.maventest@5025a98f]" name="browsertest" duration-ms="6" started-at="2020-06-01T03:22:49 IST" finished-at="2020-06-01T03:22:49 IST">
          <reporter-output>
          </reporter-output>
        </test-method> <!-- browsertest -->
      </class> <!-- futuready.friends.maventest -->
    </test> <!-- Test -->
  </suite> <!-- Suite -->
</testng-results>
